


materialPath: C:\Steam\steamapps\common\GarrysMod\garrysmod\materials
Loading c:\workinon_projects\return_to_map_workin_on_gmod\rp_jupiter_v1\nightly\rp_jupiter_v1.vmf
ConVarRef mat_reduceparticles doesn't point to an existing ConVar
Can't find surfaceprop sheetrock for material Z-O-M-B-I-E/STALKER/WALL/WALL_WALLPAPER_03, using default
***need to set $abovewater for material water/water_slime01
***need to set $abovewater for material water/water_slime01
Can't find surfaceprop concretegrit for material CONCRETE/CONCRETE_WALL_CRETE4W, using default
Patching WVT material: maps/rp_jupiter_v1/vanderagsn/worldvertex/upiter_blend_wvt_patch
Patching WVT material: maps/rp_jupiter_v1/vanderagsn/worldvertex/upiter_blend2_wvt_patch
Patching WVT material: maps/rp_jupiter_v1/hr_massive/ground_rockwall_blend_2_nograss_wvt_patch
fixing up env_cubemap materials on brush sides...
0...1...2...3...4...5...6...7...8...9...100...1...2...3...4...5...6...7...8...9...10Processing areas...done (0)
Building Faces...done (0)
Chop Details...done (0)
Find Visible Detail Sides...
Merged 900 detail faces...done (1)
Merging details...done (0)
FixTjuncs...
PruneNodes...
WriteBSP...
done (3)
writing c:\workinon_projects\return_to_map_workin_on_gmod\rp_jupiter_v1\nightly\rp_jupiter_v1.prt...Building visibility clusters...
done (0)
Creating default LDR cubemaps for env_cubemap using skybox materials:
   skybox/zaton/c_expos_zaton_evening_*.vmt
 ! Run buildcubemaps in the engine to get the correct cube maps.
Creating default HDR cubemaps for env_cubemap using skybox materials:
   skybox/zaton/c_expos_zaton_evening_*.vmt
 ! Run buildcubemaps in the engine to get the correct cube maps.
Finding displacement neighbors...
Finding lightmap sample positions...
Displacement Alpha : 0...1...2...3...4...5...6...7...8...9...10
Building Physics collision data...
done (9) (2957062 bytes)
WARNING! model "models/props/gg_tibet/bookclosed.mdl" has mismatching model version (49, expected 48)! Expect problems.
Placing detail props : 0...1...2...3...4...5...6...7...8...9...10
Water found with no water_lod_control entity, creating a default one.
Compacting texture/material tables...
Reduced 13734 texinfos to 8112
Reduced 329 texdatas to 308 (12047 bytes to 11113)
Writing c:\workinon_projects\return_to_map_workin_on_gmod\rp_jupiter_v1\nightly\rp_jupiter_v1.bsp
52 seconds elapsed



4 threads
reading c:\workinon_projects\return_to_map_workin_on_gmod\rp_jupiter_v1\nightly\rp_jupiter_v1.bsp
reading c:\workinon_projects\return_to_map_workin_on_gmod\rp_jupiter_v1\nightly\rp_jupiter_v1.prt
7656 portalclusters
20425 numportals
0...1...2...3...4...5...6...7...8...9...10Optimized: 548937 visible clusters (9.65%)
Total clusters visible: 5689637
Average clusters visible: 743
Building PAS...
Average clusters audible: 2153
visdatasize:4891344  compressed from 14699520
writing c:\workinon_projects\return_to_map_workin_on_gmod\rp_jupiter_v1\nightly\rp_jupiter_v1.bsp
7 seconds elapsed



[Reading texlights from 'lights.rad']
[45 texlights parsed from 'lights.rad']

Loading c:\workinon_projects\return_to_map_workin_on_gmod\rp_jupiter_v1\nightly\rp_jupiter_v1.bsp
PREP OK
Warning! Invalid model version "models/props/gg_tibet/bookclosed.mdl"
Patch Sample Radius Clamped!
Patch Sample Radius Clamped!
30756 faces
60555812 square feet [8720036864.00 square inches]
1295 Displacements
13654509 Square Feet [1966249216.00 Square Inches]
30756 patches before subdivision
Zero area child patch at around 4483.592285 -3605.686279 -0.014603
587674 patches after subdivision
1001 direct lights
0.
WARNING: Too many light styles on a face at (-669.000000, 5912.500000, -889.000000)

WARNING: Too many light styles on a face at (-669.000000, 5894.992676, -627.691345)

WARNING: Too many light styles on a face at (-669.000000, 6124.000000, -889.000000)

WARNING: Too many light styles on a face at (-669.000000, 5784.180176, -627.089172)

WARNING: Too many light styles on a face at (-669.000000, 5753.494141, -625.580811)

WARNING: Too many light styles on a face at (-669.000000, 5749.219727, -626.841675)

WARNING: Too many light styles on a face at (-669.000000, 5743.767090, -624.582764)

WARNING: Too many light styles on a face at (-669.000000, 5741.485352, -624.582764)

WARNING: Too many light styles on a face at (-669.000000, 6189.830566, -624.582031)

WARNING: Too many light styles on a face at (-669.000000, 6194.514648, -624.582031)

WARNING: Too many light styles on a face at (-669.000000, 6192.232422, -624.582031)

WARNING: Too many light styles on a face at (-669.000000, 6186.015625, -624.053833)

WARNING: Too many light styles on a face at (-669.000000, 6185.333496, -621.291809)

WARNING: Too many light styles on a face at (-669.000000, 6089.873047, -671.547546)

WARNING: Too many light styles on a face at (-669.000000, 6185.333496, -619.326050)

WARNING: Too many light styles on a face at (-669.000000, 6122.810059, -722.231384)

WARNING: Too many light styles on a face at (-669.000000, 6110.230957, -691.250671)

WARNING: Too many light styles on a face at (-669.000000, 6063.159180, -643.582947)

WARNING: Too many light styles on a face at (-669.000000, 6056.064941, -641.701904)

WARNING: Too many light styles on a face at (-669.000000, 6024.200195, -626.562439)

WARNING: Too many light styles on a face at (-669.000000, 5849.283691, -671.544617)

WARNING: Too many light styles on a face at (-669.000000, 5815.124512, -722.535339)

WARNING: Too many light styles on a face at (-669.000000, 5828.092773, -691.821838)

WARNING: Too many light styles on a face at (-669.000000, 5899.391113, -637.421021)

WARNING: Too many light styles on a face at (-669.000000, 5872.840820, -643.583252)

WARNING: Too many light styles on a face at (-669.000000, 5930.452148, -623.819458)

WARNING: Too many light styles on a face at (-669.000000, 5813.456543, -754.773804)

WARNING: Too many light styles on a face at (-669.000000, 5961.958008, -636.733582)

WARNING: Too many light styles on a face at (-669.000000, 5932.041016, -639.461731)

WARNING: Too many light styles on a face at (-669.000000, 5908.312500, -643.249817)

WARNING: Too many light styles on a face at (-669.000000, 5881.190430, -658.583435)

WARNING: Too many light styles on a face at (-669.000000, 5858.021484, -675.582642)

WARNING: Too many light styles on a face at (-669.000000, 5846.322266, -705.582031)

WARNING: Too many light styles on a face at (-669.000000, 5831.210938, -733.596313)

WARNING: Too many light styles on a face at (-669.000000, 5817.645996, -755.249939)

WARNING: Too many light styles on a face at (-669.000000, 5992.534180, -638.003845)

WARNING: Too many light styles on a face at (-669.000000, 6028.848633, -643.249756)

WARNING: Too many light styles on a face at (-669.000000, 6023.323730, -642.222351)

WARNING: Too many light styles on a face at (-669.000000, 6054.846191, -658.569946)

WARNING: Too many light styles on a face at (-669.000000, 6077.978516, -675.583435)

WARNING: Too many light styles on a face at (-669.000000, 6100.828125, -706.384949)

WARNING: Too many light styles on a face at (-669.000000, 6116.205566, -739.213135)

WARNING: Too many light styles on a face at (-669.000000, 5819.000000, -842.000000)

WARNING: Too many light styles on a face at (-669.000000, 5819.000000, -785.937500)

WARNING: Too many light styles on a face at (-669.000000, 6134.223633, -753.693787)

WARNING: Too many light styles on a face at (-669.000000, 6188.000000, -842.000000)

WARNING: Too many light styles on a face at (-669.000000, 6188.000000, -785.937500)

WARNING: Too many light styles on a face at (-1124.083740, 6195.000000, -753.916565)

WARNING: Too many light styles on a face at (-1010.665649, 6195.000000, -750.902466)

WARNING: Too many light styles on a face at (-1005.727295, 6195.000000, -753.250000)

WARNING: Too many light styles on a face at (-1131.521973, 6195.000000, -753.250000)

WARNING: Too many light styles on a face at (-1010.666992, 6195.000000, -748.237061)

WARNING: Too many light styles on a face at (-1093.000366, 6195.000000, -751.296875)

WARNING: Too many light styles on a face at (-1075.332031, 6195.000000, -748.444946)

WARNING: Too many light styles on a face at (-1000.477295, 6195.000000, -753.250000)
.
WARNING: Too many light styles on a face at (-1464.799927, 5913.698730, -881.000000)

WARNING: Too many light styles on a face at (-1467.999878, 6126.397949, -881.000000)

WARNING: Too many light styles on a face at (-662.399963, 6126.397949, -881.000000)

WARNING: Too many light styles on a face at (-665.599976, 5913.698730, -881.000000)

WARNING: Too many light styles on a face at (-1126.773071, 5741.000000, -753.117004)

WARNING: Too many light styles on a face at (-1131.522705, 5741.000000, -753.250000)

WARNING: Too many light styles on a face at (-1124.000122, 5741.000000, -750.177734)

WARNING: Too many light styles on a face at (-1124.000122, 5741.000000, -748.177795)

WARNING: Too many light styles on a face at (-1059.332153, 5741.000000, -748.317017)

WARNING: Too many light styles on a face at (-1041.661499, 5741.000000, -750.716980)

WARNING: Too many light styles on a face at (-1010.585144, 5741.000000, -754.582947)

WARNING: Too many light styles on a face at (-1000.478027, 5741.000000, -753.250000)
.
WARNING: Too many light styles on a face at (-1463.000000, 6134.218750, -753.678345)

WARNING: Too many light styles on a face at (-1463.000000, 6089.873047, -671.546936)

WARNING: Too many light styles on a face at (-1463.000000, 5852.000000, -889.000000)

WARNING: Too many light styles on a face at (-1463.000000, 6122.810547, -722.231873)

WARNING: Too many light styles on a face at (-1463.000000, 6110.231445, -691.251282)

WARNING: Too many light styles on a face at (-1463.000000, 6063.159180, -643.583679)

WARNING: Too many light styles on a face at (-1463.000000, 6124.000000, -889.000000)

WARNING: Too many light styles on a face at (-1463.000000, 6056.063965, -641.702637)

WARNING: Too many light styles on a face at (-1463.000000, 6024.200195, -626.562378)

WARNING: Too many light styles on a face at (-1463.000000, 5813.389160, -754.769043)

WARNING: Too many light styles on a face at (-1463.000000, 5849.283203, -671.544556)

WARNING: Too many light styles on a face at (-1463.000000, 5815.125000, -722.535706)

WARNING: Too many light styles on a face at (-1463.000000, 5828.093750, -691.821472)

WARNING: Too many light styles on a face at (-1463.000000, 5872.840820, -643.583313)

WARNING: Too many light styles on a face at (-1463.000000, 5899.391113, -637.421387)

WARNING: Too many light styles on a face at (-1463.000000, 5930.452148, -623.819519)

WARNING: Too many light styles on a face at (-1463.000000, 6189.833984, -624.583984)

WARNING: Too many light styles on a face at (-1463.000000, 6194.515137, -624.583984)

WARNING: Too many light styles on a face at (-1463.000000, 6192.234375, -624.583984)

WARNING: Too many light styles on a face at (-1463.000000, 6186.017578, -624.057190)

WARNING: Too many light styles on a face at (-1463.000000, 6185.333496, -621.297119)

WARNING: Too many light styles on a face at (-1463.000000, 6185.333496, -619.331482)

WARNING: Too many light styles on a face at (-1463.000000, 5894.987305, -627.691711)

WARNING: Too many light styles on a face at (-1463.000000, 5784.178223, -627.089600)

WARNING: Too many light styles on a face at (-1463.000000, 5753.492676, -625.581421)

WARNING: Too many light styles on a face at (-1463.000000, 5749.219238, -626.842163)

WARNING: Too many light styles on a face at (-1463.000000, 5743.766113, -624.583313)

WARNING: Too many light styles on a face at (-1463.000000, 5741.484863, -624.583313)

WARNING: Too many light styles on a face at (-1463.000000, 5961.958008, -636.733643)

WARNING: Too many light styles on a face at (-1463.000000, 5932.041016, -639.462036)

WARNING: Too many light styles on a face at (-1463.000000, 5881.190430, -658.583374)

WARNING: Too many light styles on a face at (-1463.000000, 5908.312500, -643.249756)

WARNING: Too many light styles on a face at (-1463.000000, 5858.021484, -675.583313)

WARNING: Too many light styles on a face at (-1463.000000, 5846.322754, -705.579956)

WARNING: Too many light styles on a face at (-1463.000000, 5831.210938, -733.596130)

WARNING: Too many light styles on a face at (-1463.000000, 5817.645020, -755.250977)

WARNING: Too many light styles on a face at (-1463.000000, 6028.848145, -643.249939)

WARNING: Too many light styles on a face at (-1463.000000, 6054.844727, -658.570923)

WARNING: Too many light styles on a face at (-1463.000000, 6077.978516, -675.583435)

WARNING: Too many light styles on a face at (-1463.000000, 6100.828125, -706.385010)

WARNING: Too many light styles on a face at (-1463.000000, 6116.205078, -739.213440)

WARNING: Too many light styles on a face at (-1463.000000, 6118.928711, -755.185608)

WARNING: Too many light styles on a face at (-1463.000000, 5819.000000, -842.000000)

WARNING: Too many light styles on a face at (-1463.000000, 5819.000000, -785.937500)

WARNING: Too many light styles on a face at (-1463.000000, 6023.323730, -642.222656)

WARNING: Too many light styles on a face at (-1463.000000, 6188.000000, -842.000000)

WARNING: Too many light styles on a face at (-1463.000000, 6188.000000, -785.937500)

WARNING: Too many light styles on a face at (-1463.000000, 5992.534180, -638.003906)
1.
WARNING: Too many light styles on a face at (-1125.911621, 5736.696777, -784.330688)

WARNING: Too many light styles on a face at (-1125.294312, 6214.243652, -782.170227)

WARNING: Too many light styles on a face at (-1111.458008, 5736.117188, -765.570862)

WARNING: Too many light styles on a face at (-1107.502319, 6212.962402, -760.955994)

WARNING: Too many light styles on a face at (-1092.049316, 5738.375000, -753.511902)

WARNING: Too many light styles on a face at (-1090.288208, 6198.275391, -752.673462)

WARNING: Too many light styles on a face at (-1079.318481, 5736.717285, -750.273010)

WARNING: Too many light styles on a face at (-1072.830444, 6199.645508, -749.655151)

WARNING: Too many light styles on a face at (-1061.043701, 5736.251465, -749.476563)

WARNING: Too many light styles on a face at (-1046.462402, 6198.902832, -750.865234)

WARNING: Too many light styles on a face at (-1042.844116, 5737.377930, -752.134277)

WARNING: Too many light styles on a face at (-1041.316650, 6198.168945, -752.861755)

WARNING: Too many light styles on a face at (-1022.804626, 5731.339844, -762.931335)

WARNING: Too many light styles on a face at (-1015.613525, 6196.550781, -771.320862)

WARNING: Too many light styles on a face at (-1006.804565, 5719.121582, -781.824280)

WARNING: Too many light styles on a face at (-1006.167419, 6200.973145, -784.054016)

WARNING: Too many light styles on a face at (-667.364136, 5963.823242, -643.607056)

WARNING: Too many light styles on a face at (-1464.635132, 5963.826172, -643.606445)

WARNING: Too many light styles on a face at (-1473.186768, 5938.983398, -647.359497)

WARNING: Too many light styles on a face at (-658.814209, 5938.982422, -647.359558)

WARNING: Too many light styles on a face at (-1466.498047, 5911.611328, -656.369385)

WARNING: Too many light styles on a face at (-665.501099, 5911.611328, -656.369385)

WARNING: Too many light styles on a face at (-1472.324463, 5888.782227, -668.470215)

WARNING: Too many light styles on a face at (-659.674194, 5888.782715, -668.469421)

WARNING: Too many light styles on a face at (-1467.641113, 5865.922363, -687.920532)

WARNING: Too many light styles on a face at (-664.358032, 5865.920898, -687.921204)

WARNING: Too many light styles on a face at (-1465.241455, 5850.500488, -707.127930)

WARNING: Too many light styles on a face at (-666.760376, 5850.498535, -707.131042)

WARNING: Too many light styles on a face at (-1475.595215, 5836.075684, -733.266541)

WARNING: Too many light styles on a face at (-1464.429688, 5974.958008, -644.004211)

WARNING: Too many light styles on a face at (-667.569702, 5974.960938, -644.004700)

WARNING: Too many light styles on a face at (-665.767212, 6021.033691, -654.749084)

WARNING: Too many light styles on a face at (-1466.233032, 6021.034180, -654.749084)

WARNING: Too many light styles on a face at (-1466.115967, 6025.395020, -656.892334)

WARNING: Too many light styles on a face at (-665.883179, 6025.396484, -656.893188)

WARNING: Too many light styles on a face at (-1465.233887, 6054.099121, -674.100891)

WARNING: Too many light styles on a face at (-666.765869, 6054.097656, -674.100037)

WARNING: Too many light styles on a face at (-1465.751221, 6070.846680, -688.870789)

WARNING: Too many light styles on a face at (-1465.041260, 6085.532227, -707.180359)

WARNING: Too many light styles on a face at (-1464.934937, 6100.913574, -736.601501)
..2...
WARNING: Too many light styles on a face at (4334.750000, 9358.500000, -1033.000000)

WARNING: Too many light styles on a face at (4276.000000, 9312.225586, -1151.000000)

WARNING: Too many light styles on a face at (4225.000000, 9290.240234, -1035.954956)
3..
WARNING: Too many light styles on a face at (-1002.250000, 6213.999512, -911.000000)

WARNING: Too many light styles on a face at (-856.000000, 6499.999512, -911.000000)

WARNING: Too many light styles on a face at (-852.500000, 6193.999512, -911.000000)

WARNING: Too many light styles on a face at (-744.000000, 6679.999512, -911.000000)

WARNING: Too many light styles on a face at (-996.500000, 6375.999023, -911.000000)

WARNING: Too many light styles on a face at (-979.999512, 6479.000000, -747.875000)

WARNING: Too many light styles on a face at (-979.999512, 6479.000000, -842.000000)

WARNING: Too many light styles on a face at (-656.000244, 6195.000000, -653.937500)

WARNING: Too many light styles on a face at (-1008.000244, 6195.000000, -653.937500)

WARNING: Too many light styles on a face at (-656.000000, 6195.000000, -842.000000)

WARNING: Too many light styles on a face at (-656.000244, 6195.000000, -641.937500)

WARNING: Too many light styles on a face at (-1001.000000, 6204.000000, -842.000000)

WARNING: Too many light styles on a face at (-1001.000000, 6203.999512, -811.875000)

WARNING: Too many light styles on a face at (-1030.250000, 6193.999512, -911.000000)

WARNING: Too many light styles on a face at (-1030.250000, 6213.999512, -911.000000)

WARNING: Too many light styles on a face at (-1030.250000, 6407.999023, -911.000000)

WARNING: Too many light styles on a face at (-1091.999512, 6479.000000, -842.000000)

WARNING: Too many light styles on a face at (-1155.999512, 6479.000000, -715.875000)

WARNING: Too many light styles on a face at (-1179.000000, 6288.000000, -842.000000)

WARNING: Too many light styles on a face at (-1179.000000, 6263.999512, -731.875000)

WARNING: Too many light styles on a face at (-1028.000244, 6195.000000, -653.937500)

WARNING: Too many light styles on a face at (-1138.000244, 6195.000000, -653.937500)

WARNING: Too many light styles on a face at (-1138.000000, 6195.000000, -842.000000)

WARNING: Too many light styles on a face at (-1284.000244, 6195.000000, -653.937500)

WARNING: Too many light styles on a face at (-1284.000000, 6195.000000, -862.000000)

WARNING: Too many light styles on a face at (-1408.000244, 6195.000000, -653.937500)

WARNING: Too many light styles on a face at (-1028.000244, 6195.000000, -641.937500)

WARNING: Too many light styles on a face at (-1131.000000, 6217.999512, -811.875000)

WARNING: Too many light styles on a face at (-1131.000000, 6217.999512, -842.000000)

WARNING: Too many light styles on a face at (-1284.000244, 6199.937500, -813.000000)

WARNING: Too many light styles on a face at (-616.000000, 5991.999023, -911.000000)

WARNING: Too many light styles on a face at (-1002.250000, 5733.999512, -911.000000)

WARNING: Too many light styles on a face at (-660.500000, 6039.999023, -911.000000)

WARNING: Too many light styles on a face at (-644.000000, 6007.999023, -911.000000)

WARNING: Too many light styles on a face at (-820.500000, 5511.999023, -911.000000)

WARNING: Too many light styles on a face at (-996.480042, 5713.999512, -911.000000)

WARNING: Too many light styles on a face at (-996.000061, 5741.000000, -653.937500)

WARNING: Too many light styles on a face at (-996.000000, 5741.000000, -842.000000)

WARNING: Too many light styles on a face at (-1016.000122, 5741.000000, -653.937500)

WARNING: Too many light styles on a face at (-1016.000061, 5741.000000, -641.937500)

WARNING: Too many light styles on a face at (-1001.000000, 5724.000000, -842.000000)

WARNING: Too many light styles on a face at (-1001.000000, 5724.000000, -811.875000)
.
WARNING: Too many light styles on a face at (-1528.000000, 6007.999023, -911.000000)

WARNING: Too many light styles on a face at (-1030.239990, 5713.999512, -911.000000)

WARNING: Too many light styles on a face at (-1030.250000, 5733.999512, -911.000000)

WARNING: Too many light styles on a face at (-1030.250000, 6135.999512, -911.000000)

WARNING: Too many light styles on a face at (-1380.500000, 5635.999512, -911.000000)

WARNING: Too many light styles on a face at (-1126.000122, 5741.000000, -653.937500)

WARNING: Too many light styles on a face at (-1478.000000, 5741.000000, -653.937500)

WARNING: Too many light styles on a face at (-1478.000000, 5741.000000, -842.000000)

WARNING: Too many light styles on a face at (-1478.000122, 5741.000000, -641.937500)

WARNING: Too many light styles on a face at (-1131.000000, 5733.999512, -811.875000)

WARNING: Too many light styles on a face at (-1131.000000, 5734.000000, -842.000000)
4...5...6...7...8
WARNING: Too many light styles on a face at (-14068.864258, -11174.959961, -510.179779)

WARNING: Too many light styles on a face at (-13668.175781, -11263.992188, -510.945892)

WARNING: Too many light styles on a face at (-12955.826172, -10418.086914, -510.000000)

WARNING: Too many light styles on a face at (3339.126953, 1291.225464, -356.299652)

WARNING: Too many light styles on a face at (3472.670898, 1558.390259, -383.963135)

WARNING: Too many light styles on a face at (3606.253174, 1558.400024, -381.245758)
.
WARNING: Too many light styles on a face at (-801.391357, 5342.608398, -911.000000)

WARNING: Too many light styles on a face at (-631.000000, 5965.913086, -911.000000)

WARNING: Too many light styles on a face at (-1647.304443, 6010.434570, -911.000000)

WARNING: Too many light styles on a face at (489.739014, 5921.391113, -911.000000)

WARNING: Too many light styles on a face at (-801.391357, 6678.260742, -911.000000)
.
WARNING: Too many light styles on a face at (-1339.334351, 5863.833496, -559.000000)

WARNING: Too many light styles on a face at (-1276.751221, 6066.499512, -559.000000)

WARNING: Too many light styles on a face at (-796.667114, 6070.166016, -559.000000)

WARNING: Too many light styles on a face at (-850.250793, 5869.499512, -559.000000)

WARNING: Too many light styles on a face at (-1336.421021, 5872.161621, -559.000000)

WARNING: Too many light styles on a face at (-1336.260132, 6063.379883, -559.000000)

WARNING: Too many light styles on a face at (-795.740051, 6063.379883, -559.000000)

WARNING: Too many light styles on a face at (-1317.000122, 5890.250000, -551.000000)

WARNING: Too many light styles on a face at (-1323.826050, 6051.265625, -555.240356)

WARNING: Too many light styles on a face at (-987.668396, 6054.625488, -554.040039)

WARNING: Too many light styles on a face at (-1318.223389, 5880.261719, -555.151672)

WARNING: Too many light styles on a face at (-824.000732, 5880.706543, -554.707031)

WARNING: Too many light styles on a face at (-811.666809, 6055.958984, -555.373657)

WARNING: Too many light styles on a face at (-808.173828, 6051.265625, -555.240356)

WARNING: Too many light styles on a face at (-1357.737183, 6084.221191, -563.151428)

WARNING: Too many light styles on a face at (-1020.557129, 6088.403320, -561.817566)

WARNING: Too many light styles on a face at (-1360.666504, 5843.374023, -566.040344)

WARNING: Too many light styles on a face at (-865.000793, 5846.707520, -562.707031)

WARNING: Too many light styles on a face at (-778.733276, 6089.826172, -563.240356)

WARNING: Too many light styles on a face at (-774.262634, 6084.221191, -563.151428)

WARNING: Too many light styles on a face at (-1370.066162, 6098.092285, -567.975159)

WARNING: Too many light styles on a face at (-1023.334961, 6094.546875, -567.072815)

WARNING: Too many light styles on a face at (-1364.841797, 5834.435059, -567.914978)

WARNING: Too many light styles on a face at (-914.001160, 5835.979004, -567.729736)

WARNING: Too many light styles on a face at (-764.574585, 6102.732422, -568.054993)

WARNING: Too many light styles on a face at (-761.933044, 6098.092773, -567.975159)

WARNING: Too many light styles on a face at (-1415.950439, 6145.301758, -576.746887)

WARNING: Too many light styles on a face at (-1081.695313, 6146.735840, -575.694641)

WARNING: Too many light styles on a face at (-1412.197388, 5788.260254, -576.564270)

WARNING: Too many light styles on a face at (-945.000122, 5788.872559, -576.033508)

WARNING: Too many light styles on a face at (-717.479736, 6148.385742, -577.124817)

WARNING: Too many light styles on a face at (-716.049316, 6145.302246, -576.747131)

WARNING: Too many light styles on a face at (-690.338623, 6174.292480, -599.804016)

WARNING: Too many light styles on a face at (-1441.661255, 6174.292480, -599.804077)

WARNING: Too many light styles on a face at (-1034.780151, 6173.521484, -599.462524)

WARNING: Too many light styles on a face at (-1441.233154, 5762.458984, -599.512939)

WARNING: Too many light styles on a face at (-952.001038, 5762.485352, -599.448730)

WARNING: Too many light styles on a face at (-696.778381, 6173.519531, -599.458618)

WARNING: Too many light styles on a face at (-670.707336, 6191.999023, -638.706726)

WARNING: Too many light styles on a face at (-1461.292480, 6191.999023, -638.706726)

WARNING: Too many light styles on a face at (-1458.666504, 5743.374023, -638.040344)

WARNING: Too many light styles on a face at (-1017.777527, 6191.737305, -637.151978)

WARNING: Too many light styles on a face at (-964.000854, 5744.708984, -636.705078)

WARNING: Too many light styles on a face at (-670.666626, 6193.958984, -639.373718)
.9...100...1...2...3...4...5...6...7...8...9...10transfers 35654876, max 2270
transfer lists: 272.0 megs
0...1...2...3...4...5...6...7...8...9...10	Bounce #1 added RGB(167674, 191628, 137246)
0...1...2...3...4...5...6...7...8...9...10	Bounce #2 added RGB(25054, 20291, 12637)
Build Patch/Sample Hash Table(s).....Done<0.5989 sec>
0...1...2...3...4...5...6...7...8...9...10FinalLightFace Done
Computing detail prop lighting : 0...1...2...3...4...5...6...7...8...9...10
0 of 0 (0% of) surface lights went in leaf ambient cubes.
0...1...2...3...4...5...6...7...8...9...10Writing leaf ambient...done
Ready to Finish

Object names       Objects/Maxobjs  Memory / Maxmem  Fullness 
------------       ---------------  ---------------  -------- 
models                 168/4096         8064/196608   ( 4.1%) 
brushes               8307/16384       99684/196608   (50.7%) 
brushsides           58504/163840     468032/1310720  (35.7%) 
planes               20586/65536      411720/1310720  (31.4%) 
vertexes             59417/65536      713004/786432   (90.7%) VERY FULL!
nodes                21840/65536      698880/2097152  (33.3%) 
texinfos              8112/12288      584064/884736   (66.0%) 
texdata                308/2048         9856/65536    (15.0%) 
dispinfos             1295/0          227920/0        ( 0.0%) 
disp_verts           97671/0         1953420/0        ( 0.0%) 
disp_tris           153376/0          306752/0        ( 0.0%) 
disp_lmsamples     4210128/0         4210128/0        ( 0.0%) 
faces                30756/65536     1722336/3670016  (46.9%) 
hdr faces                0/65536           0/3670016  ( 0.0%) 
origfaces            17885/65536     1001560/3670016  (27.3%) 
leaves               22009/65536      704288/2097152  (33.6%) 
leaffaces            36012/65536       72024/131072   (54.9%) 
leafbrushes          21445/65536       42890/131072   (32.7%) 
areas                   73/1024          584/8192     ( 7.1%) 
surfedges           213046/512000     852184/2048000  (41.6%) 
edges               138881/256000     555524/1024000  (54.3%) 
LDR worldlights       1001/8192        88088/720896   (12.2%) 
HDR worldlights          0/8192            0/720896   ( 0.0%) 
leafwaterdata            8/32768          96/393216   ( 0.0%) 
waterstrips           2721/32768       27210/327680   ( 8.3%) 
waterverts               0/65536           0/786432   ( 0.0%) 
waterindices         47406/65536       94812/131072   (72.3%) 
cubemapsamples           1/1024           16/16384    ( 0.1%) 
overlays               257/1024        90464/360448   (25.1%) 
LDR lightdata         [variable]    72768356/0        ( 0.0%) 
HDR lightdata         [variable]           0/0        ( 0.0%) 
visdata               [variable]     4891344/16777216 (29.2%) 
entdata               [variable]     1057961/393216   (269.1%) VERY FULL!
LDR ambient table    22009/65536       88036/262144   (33.6%) 
HDR ambient table    22009/65536       88036/262144   (33.6%) 
LDR leaf ambient     93492/65536     2617776/1835008  (142.7%) VERY FULL!
HDR leaf ambient     22009/65536      616252/1835008  (33.6%) 
occluders                7/0             280/0        ( 0.0%) 
occluder polygons       43/0             516/0        ( 0.0%) 
occluder vert ind      182/0             728/0        ( 0.0%) 
detail props          [variable]           1/16199972 ( 0.0%) 
dtl prp lght          [variable]           1/2313019  ( 0.0%) 
HDR dtl prp lght      [variable]           1/4        (25.0%) 
static props          [variable]           1/851590   ( 0.0%) 
pakfile               [variable]      205804/0        ( 0.0%) 
physics               [variable]     2957062/4194304  (70.5%) 
physics terrain       [variable]      332201/1048576  (31.7%) 

Level flags = 0

Total triangle count: 80349
Writing c:\workinon_projects\return_to_map_workin_on_gmod\rp_jupiter_v1\nightly\rp_jupiter_v1.bsp
6 minutes, 40 seconds elapsed



materialPath: C:\Steam\steamapps\common\GarrysMod\garrysmod\materials
Loading c:\workinon_projects\return_to_map_workin_on_gmod\rp_jupiter_v1\nightly\rp_jupiter_v1.vmf
ConVarRef mat_reduceparticles doesn't point to an existing ConVar
Can't find surfaceprop sheetrock for material Z-O-M-B-I-E/STALKER/WALL/WALL_WALLPAPER_03, using default
***need to set $abovewater for material water/water_slime01
***need to set $abovewater for material water/water_slime01
Can't find surfaceprop concretegrit for material CONCRETE/CONCRETE_WALL_CRETE4W, using default
Patching WVT material: maps/rp_jupiter_v1/vanderagsn/worldvertex/upiter_blend_wvt_patch
Patching WVT material: maps/rp_jupiter_v1/vanderagsn/worldvertex/upiter_blend2_wvt_patch
Patching WVT material: maps/rp_jupiter_v1/hr_massive/ground_rockwall_blend_2_nograss_wvt_patch
fixing up env_cubemap materials on brush sides...
0...1...2...3...4...5...6...7...8...9...100...1...2...3...4...5...6...7...8...9...10Processing areas...done (0)
Building Faces...done (1)
Chop Details...done (0)
Find Visible Detail Sides...
Merged 884 detail faces...done (0)
Merging details...done (0)
FixTjuncs...
PruneNodes...
WriteBSP...
done (3)
writing c:\workinon_projects\return_to_map_workin_on_gmod\rp_jupiter_v1\nightly\rp_jupiter_v1.prt...Building visibility clusters...
done (0)
Creating default LDR cubemaps for env_cubemap using skybox materials:
   skybox/zaton/c_expos_zaton_evening_*.vmt
 ! Run buildcubemaps in the engine to get the correct cube maps.
Creating default HDR cubemaps for env_cubemap using skybox materials:
   skybox/zaton/c_expos_zaton_evening_*.vmt
 ! Run buildcubemaps in the engine to get the correct cube maps.
Finding displacement neighbors...
Finding lightmap sample positions...
Displacement Alpha : 0...1...2...3...4...5...6...7...8...9...10
Building Physics collision data...
done (3) (2947846 bytes)
WARNING! model "models/props/gg_tibet/bookclosed.mdl" has mismatching model version (49, expected 48)! Expect problems.
Placing detail props : 0...1...2...3...4...5...6...7...8...9...10
Water found with no water_lod_control entity, creating a default one.
Compacting texture/material tables...
Reduced 13802 texinfos to 8155
Reduced 351 texdatas to 330 (12566 bytes to 11632)
Writing c:\workinon_projects\return_to_map_workin_on_gmod\rp_jupiter_v1\nightly\rp_jupiter_v1.bsp
30 seconds elapsed



4 threads
reading c:\workinon_projects\return_to_map_workin_on_gmod\rp_jupiter_v1\nightly\rp_jupiter_v1.bsp
reading c:\workinon_projects\return_to_map_workin_on_gmod\rp_jupiter_v1\nightly\rp_jupiter_v1.prt
7722 portalclusters
20660 numportals
0...1...2...3...4...5...6...7...8...9...10Optimized: 556445 visible clusters (9.60%)
Total clusters visible: 5794913
Average clusters visible: 750
Building PAS...
Average clusters audible: 2183
visdatasize:4980823  compressed from 14949792
writing c:\workinon_projects\return_to_map_workin_on_gmod\rp_jupiter_v1\nightly\rp_jupiter_v1.bsp
11 seconds elapsed
